20/09/2014 03:48:45.930] - [INFO] - Client starting
20/09/2014 03:49:01.137] - [INFO] - Client starting
20/09/2014 03:49:01.339] - [INFO] - [id: 0x693f713b] OPEN
20/09/2014 03:49:01.350] - [INFO] - [id: 0x693f713b] CLOSED
20/09/2014 03:49:01.382] - [SEVERE] - Unexpected exception from upstream. java.nio.channels.ClosedChannelException

20/09/2014 03:49:08.241] - [INFO] - Client starting
20/09/2014 03:49:08.343] - [INFO] - [id: 0x4f1e1562] OPEN
20/09/2014 03:49:08.354] - [INFO] - [id: 0x4f1e1562, /127.0.0.1:63031 => localhost/127.0.0.1:19999] BOUND: /127.0.0.1:63031
20/09/2014 03:49:08.355] - [INFO] - [id: 0x4f1e1562, /127.0.0.1:63031 => localhost/127.0.0.1:19999] CONNECTED: localhost/127.0.0.1:19999
20/09/2014 03:49:08.967] - [INFO] - writing response back for turn 1 for player 1
20/09/2014 03:49:08.973] - [INFO] - message sent: took 12,906,308
20/09/2014 03:49:09.091] - [INFO] - writing response back for turn 2 for player 1
20/09/2014 03:49:09.092] - [INFO] - message sent: took 7,259,130
20/09/2014 03:49:09.202] - [INFO] - writing response back for turn 3 for player 1
20/09/2014 03:49:09.204] - [INFO] - message sent: took 6,989,797
20/09/2014 03:49:09.314] - [INFO] - writing response back for turn 4 for player 1
20/09/2014 03:49:09.315] - [INFO] - message sent: took 6,862,925
20/09/2014 03:49:09.427] - [INFO] - writing response back for turn 5 for player 1
20/09/2014 03:49:09.429] - [INFO] - message sent: took 7,229,211
20/09/2014 03:49:09.542] - [INFO] - writing response back for turn 6 for player 1
20/09/2014 03:49:09.544] - [INFO] - message sent: took 7,402,785
20/09/2014 03:49:09.654] - [INFO] - writing response back for turn 7 for player 1
20/09/2014 03:49:09.658] - [INFO] - message sent: took 8,452,643
20/09/2014 03:49:09.774] - [INFO] - writing response back for turn 8 for player 1
20/09/2014 03:49:09.775] - [INFO] - message sent: took 6,800,012
20/09/2014 03:49:09.888] - [INFO] - writing response back for turn 9 for player 1
20/09/2014 03:49:09.889] - [INFO] - message sent: took 7,116,052
20/09/2014 03:49:10.000] - [INFO] - writing response back for turn 10 for player 1
20/09/2014 03:49:10.002] - [INFO] - message sent: took 7,045,845
20/09/2014 03:49:10.113] - [INFO] - writing response back for turn 11 for player 1
20/09/2014 03:49:10.114] - [INFO] - message sent: took 6,910,426
20/09/2014 03:49:10.224] - [INFO] - writing response back for turn 12 for player 1
20/09/2014 03:49:10.225] - [INFO] - message sent: took 6,923,221
20/09/2014 03:49:10.336] - [INFO] - writing response back for turn 13 for player 1
20/09/2014 03:49:10.337] - [INFO] - message sent: took 7,041,539
20/09/2014 03:49:10.445] - [INFO] - [id: 0x4f1e1562, /127.0.0.1:63031 :> localhost/127.0.0.1:19999] DISCONNECTED
20/09/2014 03:49:10.447] - [INFO] - [id: 0x4f1e1562, /127.0.0.1:63031 :> localhost/127.0.0.1:19999] UNBOUND
20/09/2014 03:49:10.448] - [INFO] - [id: 0x4f1e1562, /127.0.0.1:63031 :> localhost/127.0.0.1:19999] CLOSED
20/09/2014 04:43:22.749] - [INFO] - Client starting
20/09/2014 04:43:22.957] - [INFO] - [id: 0xdbf59337] OPEN
20/09/2014 04:43:22.967] - [INFO] - [id: 0xdbf59337, /127.0.0.1:64372 => localhost/127.0.0.1:19999] BOUND: /127.0.0.1:64372
20/09/2014 04:43:22.968] - [INFO] - [id: 0xdbf59337, /127.0.0.1:64372 => localhost/127.0.0.1:19999] CONNECTED: localhost/127.0.0.1:19999
20/09/2014 04:43:23.578] - [SEVERE] - Exception thrown in getMove on turn 1
java.lang.NullPointerException
	at PlayerAI.getMove(PlayerAI.java:38)
	at ClientHandler.messageReceived(ClientHandler.java:85)
	at org.jboss.netty.channel.SimpleChannelUpstreamHandler.handleUpstream(SimpleChannelUpstreamHandler.java:70)
	at ClientHandler.handleUpstream(ClientHandler.java:40)
	at org.jboss.netty.channel.DefaultChannelPipeline.sendUpstream(DefaultChannelPipeline.java:564)
	at org.jboss.netty.channel.DefaultChannelPipeline$DefaultChannelHandlerContext.sendUpstream(DefaultChannelPipeline.java:791)
	at org.jboss.netty.channel.Channels.fireMessageReceived(Channels.java:296)
	at org.jboss.netty.handler.codec.oneone.OneToOneDecoder.handleUpstream(OneToOneDecoder.java:70)
	at org.jboss.netty.channel.DefaultChannelPipeline.sendUpstream(DefaultChannelPipeline.java:564)
	at org.jboss.netty.channel.DefaultChannelPipeline$DefaultChannelHandlerContext.sendUpstream(DefaultChannelPipeline.java:791)
	at org.jboss.netty.channel.Channels.fireMessageReceived(Channels.java:296)
	at org.jboss.netty.handler.codec.frame.FrameDecoder.unfoldAndFireMessageReceived(FrameDecoder.java:462)
	at org.jboss.netty.handler.codec.frame.FrameDecoder.callDecode(FrameDecoder.java:443)
	at org.jboss.netty.handler.codec.frame.FrameDecoder.messageReceived(FrameDecoder.java:303)
	at org.jboss.netty.channel.SimpleChannelUpstreamHandler.handleUpstream(SimpleChannelUpstreamHandler.java:70)
	at org.jboss.netty.channel.DefaultChannelPipeline.sendUpstream(DefaultChannelPipeline.java:564)
	at org.jboss.netty.channel.DefaultChannelPipeline.sendUpstream(DefaultChannelPipeline.java:559)
	at org.jboss.netty.channel.Channels.fireMessageReceived(Channels.java:268)
	at org.jboss.netty.channel.Channels.fireMessageReceived(Channels.java:255)
	at org.jboss.netty.channel.socket.oio.OioWorker.process(OioWorker.java:71)
	at org.jboss.netty.channel.socket.oio.AbstractOioWorker.run(AbstractOioWorker.java:73)
	at org.jboss.netty.channel.socket.oio.OioWorker.run(OioWorker.java:51)
	at org.jboss.netty.util.ThreadRenamingRunnable.run(ThreadRenamingRunnable.java:108)
	at org.jboss.netty.util.internal.DeadLockProofWorker$1.run(DeadLockProofWorker.java:42)
	at java.util.concurrent.ThreadPoolExecutor.runWorker(ThreadPoolExecutor.java:1142)
	at java.util.concurrent.ThreadPoolExecutor$Worker.run(ThreadPoolExecutor.java:617)
	at java.lang.Thread.run(Thread.java:745)

20/09/2014 04:43:23.586] - [INFO] - writing response back for turn 1 for player 1
20/09/2014 04:43:23.593] - [INFO] - message sent: took 25,902,680
20/09/2014 04:43:23.712] - [SEVERE] - Exception thrown in getMove on turn 2
java.lang.NullPointerException
	at PlayerAI.getMove(PlayerAI.java:38)
	at ClientHandler.messageReceived(ClientHandler.java:85)
	at org.jboss.netty.channel.SimpleChannelUpstreamHandler.handleUpstream(SimpleChannelUpstreamHandler.java:70)
	at ClientHandler.handleUpstream(ClientHandler.java:40)
	at org.jboss.netty.channel.DefaultChannelPipeline.sendUpstream(DefaultChannelPipeline.java:564)
	at org.jboss.netty.channel.DefaultChannelPipeline$DefaultChannelHandlerContext.sendUpstream(DefaultChannelPipeline.java:791)
	at org.jboss.netty.channel.Channels.fireMessageReceived(Channels.java:296)
	at org.jboss.netty.handler.codec.oneone.OneToOneDecoder.handleUpstream(OneToOneDecoder.java:70)
	at org.jboss.netty.channel.DefaultChannelPipeline.sendUpstream(DefaultChannelPipeline.java:564)
	at org.jboss.netty.channel.DefaultChannelPipeline$DefaultChannelHandlerContext.sendUpstream(DefaultChannelPipeline.java:791)
	at org.jboss.netty.channel.Channels.fireMessageReceived(Channels.java:296)
	at org.jboss.netty.handler.codec.frame.FrameDecoder.unfoldAndFireMessageReceived(FrameDecoder.java:462)
	at org.jboss.netty.handler.codec.frame.FrameDecoder.callDecode(FrameDecoder.java:443)
	at org.jboss.netty.handler.codec.frame.FrameDecoder.messageReceived(FrameDecoder.java:303)
	at org.jboss.netty.channel.SimpleChannelUpstreamHandler.handleUpstream(SimpleChannelUpstreamHandler.java:70)
	at org.jboss.netty.channel.DefaultChannelPipeline.sendUpstream(DefaultChannelPipeline.java:564)
	at org.jboss.netty.channel.DefaultChannelPipeline.sendUpstream(DefaultChannelPipeline.java:559)
	at org.jboss.netty.channel.Channels.fireMessageReceived(Channels.java:268)
	at org.jboss.netty.channel.Channels.fireMessageReceived(Channels.java:255)
	at org.jboss.netty.channel.socket.oio.OioWorker.process(OioWorker.java:71)
	at org.jboss.netty.channel.socket.oio.AbstractOioWorker.run(AbstractOioWorker.java:73)
	at org.jboss.netty.channel.socket.oio.OioWorker.run(OioWorker.java:51)
	at org.jboss.netty.util.ThreadRenamingRunnable.run(ThreadRenamingRunnable.java:108)
	at org.jboss.netty.util.internal.DeadLockProofWorker$1.run(DeadLockProofWorker.java:42)
	at java.util.concurrent.ThreadPoolExecutor.runWorker(ThreadPoolExecutor.java:1142)
	at java.util.concurrent.ThreadPoolExecutor$Worker.run(ThreadPoolExecutor.java:617)
	at java.lang.Thread.run(Thread.java:745)

20/09/2014 04:43:23.722] - [INFO] - writing response back for turn 2 for player 1
20/09/2014 04:43:23.724] - [INFO] - message sent: took 12,396,010
20/09/2014 04:43:23.827] - [SEVERE] - Exception thrown in getMove on turn 3
java.lang.NullPointerException
	at PlayerAI.getMove(PlayerAI.java:38)
	at ClientHandler.messageReceived(ClientHandler.java:85)
	at org.jboss.netty.channel.SimpleChannelUpstreamHandler.handleUpstream(SimpleChannelUpstreamHandler.java:70)
	at ClientHandler.handleUpstream(ClientHandler.java:40)
	at org.jboss.netty.channel.DefaultChannelPipeline.sendUpstream(DefaultChannelPipeline.java:564)
	at org.jboss.netty.channel.DefaultChannelPipeline$DefaultChannelHandlerContext.sendUpstream(DefaultChannelPipeline.java:791)
	at org.jboss.netty.channel.Channels.fireMessageReceived(Channels.java:296)
	at org.jboss.netty.handler.codec.oneone.OneToOneDecoder.handleUpstream(OneToOneDecoder.java:70)
	at org.jboss.netty.channel.DefaultChannelPipeline.sendUpstream(DefaultChannelPipeline.java:564)
	at org.jboss.netty.channel.DefaultChannelPipeline$DefaultChannelHandlerContext.sendUpstream(DefaultChannelPipeline.java:791)
	at org.jboss.netty.channel.Channels.fireMessageReceived(Channels.java:296)
	at org.jboss.netty.handler.codec.frame.FrameDecoder.unfoldAndFireMessageReceived(FrameDecoder.java:462)
	at org.jboss.netty.handler.codec.frame.FrameDecoder.callDecode(FrameDecoder.java:443)
	at org.jboss.netty.handler.codec.frame.FrameDecoder.messageReceived(FrameDecoder.java:303)
	at org.jboss.netty.channel.SimpleChannelUpstreamHandler.handleUpstream(SimpleChannelUpstreamHandler.java:70)
	at org.jboss.netty.channel.DefaultChannelPipeline.sendUpstream(DefaultChannelPipeline.java:564)
	at org.jboss.netty.channel.DefaultChannelPipeline.sendUpstream(DefaultChannelPipeline.java:559)
	at org.jboss.netty.channel.Channels.fireMessageReceived(Channels.java:268)
	at org.jboss.netty.channel.Channels.fireMessageReceived(Channels.java:255)
	at org.jboss.netty.channel.socket.oio.OioWorker.process(OioWorker.java:71)
	at org.jboss.netty.channel.socket.oio.AbstractOioWorker.run(AbstractOioWorker.java:73)
	at org.jboss.netty.channel.socket.oio.OioWorker.run(OioWorker.java:51)
	at org.jboss.netty.util.ThreadRenamingRunnable.run(ThreadRenamingRunnable.java:108)
	at org.jboss.netty.util.internal.DeadLockProofWorker$1.run(DeadLockProofWorker.java:42)
	at java.util.concurrent.ThreadPoolExecutor.runWorker(ThreadPoolExecutor.java:1142)
	at java.util.concurrent.ThreadPoolExecutor$Worker.run(ThreadPoolExecutor.java:617)
	at java.lang.Thread.run(Thread.java:745)

20/09/2014 04:43:23.835] - [INFO] - writing response back for turn 3 for player 1
20/09/2014 04:43:23.836] - [INFO] - message sent: took 9,221,806
20/09/2014 04:43:23.941] - [SEVERE] - Exception thrown in getMove on turn 4
java.lang.NullPointerException
	at PlayerAI.getMove(PlayerAI.java:38)
	at ClientHandler.messageReceived(ClientHandler.java:85)
	at org.jboss.netty.channel.SimpleChannelUpstreamHandler.handleUpstream(SimpleChannelUpstreamHandler.java:70)
	at ClientHandler.handleUpstream(ClientHandler.java:40)
	at org.jboss.netty.channel.DefaultChannelPipeline.sendUpstream(DefaultChannelPipeline.java:564)
	at org.jboss.netty.channel.DefaultChannelPipeline$DefaultChannelHandlerContext.sendUpstream(DefaultChannelPipeline.java:791)
	at org.jboss.netty.channel.Channels.fireMessageReceived(Channels.java:296)
	at org.jboss.netty.handler.codec.oneone.OneToOneDecoder.handleUpstream(OneToOneDecoder.java:70)
	at org.jboss.netty.channel.DefaultChannelPipeline.sendUpstream(DefaultChannelPipeline.java:564)
	at org.jboss.netty.channel.DefaultChannelPipeline$DefaultChannelHandlerContext.sendUpstream(DefaultChannelPipeline.java:791)
	at org.jboss.netty.channel.Channels.fireMessageReceived(Channels.java:296)
	at org.jboss.netty.handler.codec.frame.FrameDecoder.unfoldAndFireMessageReceived(FrameDecoder.java:462)
	at org.jboss.netty.handler.codec.frame.FrameDecoder.callDecode(FrameDecoder.java:443)
	at org.jboss.netty.handler.codec.frame.FrameDecoder.messageReceived(FrameDecoder.java:303)
	at org.jboss.netty.channel.SimpleChannelUpstreamHandler.handleUpstream(SimpleChannelUpstreamHandler.java:70)
	at org.jboss.netty.channel.DefaultChannelPipeline.sendUpstream(DefaultChannelPipeline.java:564)
	at org.jboss.netty.channel.DefaultChannelPipeline.sendUpstream(DefaultChannelPipeline.java:559)
	at org.jboss.netty.channel.Channels.fireMessageReceived(Channels.java:268)
	at org.jboss.netty.channel.Channels.fireMessageReceived(Channels.java:255)
	at org.jboss.netty.channel.socket.oio.OioWorker.process(OioWorker.java:71)
	at org.jboss.netty.channel.socket.oio.AbstractOioWorker.run(AbstractOioWorker.java:73)
	at org.jboss.netty.channel.socket.oio.OioWorker.run(OioWorker.java:51)
	at org.jboss.netty.util.ThreadRenamingRunnable.run(ThreadRenamingRunnable.java:108)
	at org.jboss.netty.util.internal.DeadLockProofWorker$1.run(DeadLockProofWorker.java:42)
	at java.util.concurrent.ThreadPoolExecutor.runWorker(ThreadPoolExecutor.java:1142)
	at java.util.concurrent.ThreadPoolExecutor$Worker.run(ThreadPoolExecutor.java:617)
	at java.lang.Thread.run(Thread.java:745)

20/09/2014 04:43:23.948] - [INFO] - writing response back for turn 4 for player 1
20/09/2014 04:43:23.949] - [INFO] - message sent: took 9,381,605
20/09/2014 04:43:24.054] - [SEVERE] - Exception thrown in getMove on turn 5
java.lang.NullPointerException
	at PlayerAI.getMove(PlayerAI.java:38)
	at ClientHandler.messageReceived(ClientHandler.java:85)
	at org.jboss.netty.channel.SimpleChannelUpstreamHandler.handleUpstream(SimpleChannelUpstreamHandler.java:70)
	at ClientHandler.handleUpstream(ClientHandler.java:40)
	at org.jboss.netty.channel.DefaultChannelPipeline.sendUpstream(DefaultChannelPipeline.java:564)
	at org.jboss.netty.channel.DefaultChannelPipeline$DefaultChannelHandlerContext.sendUpstream(DefaultChannelPipeline.java:791)
	at org.jboss.netty.channel.Channels.fireMessageReceived(Channels.java:296)
	at org.jboss.netty.handler.codec.oneone.OneToOneDecoder.handleUpstream(OneToOneDecoder.java:70)
	at org.jboss.netty.channel.DefaultChannelPipeline.sendUpstream(DefaultChannelPipeline.java:564)
	at org.jboss.netty.channel.DefaultChannelPipeline$DefaultChannelHandlerContext.sendUpstream(DefaultChannelPipeline.java:791)
	at org.jboss.netty.channel.Channels.fireMessageReceived(Channels.java:296)
	at org.jboss.netty.handler.codec.frame.FrameDecoder.unfoldAndFireMessageReceived(FrameDecoder.java:462)
	at org.jboss.netty.handler.codec.frame.FrameDecoder.callDecode(FrameDecoder.java:443)
	at org.jboss.netty.handler.codec.frame.FrameDecoder.messageReceived(FrameDecoder.java:303)
	at org.jboss.netty.channel.SimpleChannelUpstreamHandler.handleUpstream(SimpleChannelUpstreamHandler.java:70)
	at org.jboss.netty.channel.DefaultChannelPipeline.sendUpstream(DefaultChannelPipeline.java:564)
	at org.jboss.netty.channel.DefaultChannelPipeline.sendUpstream(DefaultChannelPipeline.java:559)
	at org.jboss.netty.channel.Channels.fireMessageReceived(Channels.java:268)
	at org.jboss.netty.channel.Channels.fireMessageReceived(Channels.java:255)
	at org.jboss.netty.channel.socket.oio.OioWorker.process(OioWorker.java:71)
	at org.jboss.netty.channel.socket.oio.AbstractOioWorker.run(AbstractOioWorker.java:73)
	at org.jboss.netty.channel.socket.oio.OioWorker.run(OioWorker.java:51)
	at org.jboss.netty.util.ThreadRenamingRunnable.run(ThreadRenamingRunnable.java:108)
	at org.jboss.netty.util.internal.DeadLockProofWorker$1.run(DeadLockProofWorker.java:42)
	at java.util.concurrent.ThreadPoolExecutor.runWorker(ThreadPoolExecutor.java:1142)
	at java.util.concurrent.ThreadPoolExecutor$Worker.run(ThreadPoolExecutor.java:617)
	at java.lang.Thread.run(Thread.java:745)

20/09/2014 04:43:24.068] - [INFO] - writing response back for turn 5 for player 1
20/09/2014 04:43:24.070] - [INFO] - message sent: took 15,940,578
20/09/2014 04:43:24.182] - [SEVERE] - Exception thrown in getMove on turn 6
java.lang.NullPointerException
	at PlayerAI.getMove(PlayerAI.java:38)
	at ClientHandler.messageReceived(ClientHandler.java:85)
	at org.jboss.netty.channel.SimpleChannelUpstreamHandler.handleUpstream(SimpleChannelUpstreamHandler.java:70)
	at ClientHandler.handleUpstream(ClientHandler.java:40)
	at org.jboss.netty.channel.DefaultChannelPipeline.sendUpstream(DefaultChannelPipeline.java:564)
	at org.jboss.netty.channel.DefaultChannelPipeline$DefaultChannelHandlerContext.sendUpstream(DefaultChannelPipeline.java:791)
	at org.jboss.netty.channel.Channels.fireMessageReceived(Channels.java:296)
	at org.jboss.netty.handler.codec.oneone.OneToOneDecoder.handleUpstream(OneToOneDecoder.java:70)
	at org.jboss.netty.channel.DefaultChannelPipeline.sendUpstream(DefaultChannelPipeline.java:564)
	at org.jboss.netty.channel.DefaultChannelPipeline$DefaultChannelHandlerContext.sendUpstream(DefaultChannelPipeline.java:791)
	at org.jboss.netty.channel.Channels.fireMessageReceived(Channels.java:296)
	at org.jboss.netty.handler.codec.frame.FrameDecoder.unfoldAndFireMessageReceived(FrameDecoder.java:462)
	at org.jboss.netty.handler.codec.frame.FrameDecoder.callDecode(FrameDecoder.java:443)
	at org.jboss.netty.handler.codec.frame.FrameDecoder.messageReceived(FrameDecoder.java:303)
	at org.jboss.netty.channel.SimpleChannelUpstreamHandler.handleUpstream(SimpleChannelUpstreamHandler.java:70)
	at org.jboss.netty.channel.DefaultChannelPipeline.sendUpstream(DefaultChannelPipeline.java:564)
	at org.jboss.netty.channel.DefaultChannelPipeline.sendUpstream(DefaultChannelPipeline.java:559)
	at org.jboss.netty.channel.Channels.fireMessageReceived(Channels.java:268)
	at org.jboss.netty.channel.Channels.fireMessageReceived(Channels.java:255)
	at org.jboss.netty.channel.socket.oio.OioWorker.process(OioWorker.java:71)
	at org.jboss.netty.channel.socket.oio.AbstractOioWorker.run(AbstractOioWorker.java:73)
	at org.jboss.netty.channel.socket.oio.OioWorker.run(OioWorker.java:51)
	at org.jboss.netty.util.ThreadRenamingRunnable.run(ThreadRenamingRunnable.java:108)
	at org.jboss.netty.util.internal.DeadLockProofWorker$1.run(DeadLockProofWorker.java:42)
	at java.util.concurrent.ThreadPoolExecutor.runWorker(ThreadPoolExecutor.java:1142)
	at java.util.concurrent.ThreadPoolExecutor$Worker.run(ThreadPoolExecutor.java:617)
	at java.lang.Thread.run(Thread.java:745)

20/09/2014 04:43:24.190] - [INFO] - writing response back for turn 6 for player 1
20/09/2014 04:43:24.192] - [INFO] - message sent: took 10,681,095
20/09/2014 04:43:24.298] - [SEVERE] - Exception thrown in getMove on turn 7
java.lang.NullPointerException
	at PlayerAI.getMove(PlayerAI.java:38)
	at ClientHandler.messageReceived(ClientHandler.java:85)
	at org.jboss.netty.channel.SimpleChannelUpstreamHandler.handleUpstream(SimpleChannelUpstreamHandler.java:70)
	at ClientHandler.handleUpstream(ClientHandler.java:40)
	at org.jboss.netty.channel.DefaultChannelPipeline.sendUpstream(DefaultChannelPipeline.java:564)
	at org.jboss.netty.channel.DefaultChannelPipeline$DefaultChannelHandlerContext.sendUpstream(DefaultChannelPipeline.java:791)
	at org.jboss.netty.channel.Channels.fireMessageReceived(Channels.java:296)
	at org.jboss.netty.handler.codec.oneone.OneToOneDecoder.handleUpstream(OneToOneDecoder.java:70)
	at org.jboss.netty.channel.DefaultChannelPipeline.sendUpstream(DefaultChannelPipeline.java:564)
	at org.jboss.netty.channel.DefaultChannelPipeline$DefaultChannelHandlerContext.sendUpstream(DefaultChannelPipeline.java:791)
	at org.jboss.netty.channel.Channels.fireMessageReceived(Channels.java:296)
	at org.jboss.netty.handler.codec.frame.FrameDecoder.unfoldAndFireMessageReceived(FrameDecoder.java:462)
	at org.jboss.netty.handler.codec.frame.FrameDecoder.callDecode(FrameDecoder.java:443)
	at org.jboss.netty.handler.codec.frame.FrameDecoder.messageReceived(FrameDecoder.java:303)
	at org.jboss.netty.channel.SimpleChannelUpstreamHandler.handleUpstream(SimpleChannelUpstreamHandler.java:70)
	at org.jboss.netty.channel.DefaultChannelPipeline.sendUpstream(DefaultChannelPipeline.java:564)
	at org.jboss.netty.channel.DefaultChannelPipeline.sendUpstream(DefaultChannelPipeline.java:559)
	at org.jboss.netty.channel.Channels.fireMessageReceived(Channels.java:268)
	at org.jboss.netty.channel.Channels.fireMessageReceived(Channels.java:255)
	at org.jboss.netty.channel.socket.oio.OioWorker.process(OioWorker.java:71)
	at org.jboss.netty.channel.socket.oio.AbstractOioWorker.run(AbstractOioWorker.java:73)
	at org.jboss.netty.channel.socket.oio.OioWorker.run(OioWorker.java:51)
	at org.jboss.netty.util.ThreadRenamingRunnable.run(ThreadRenamingRunnable.java:108)
	at org.jboss.netty.util.internal.DeadLockProofWorker$1.run(DeadLockProofWorker.java:42)
	at java.util.concurrent.ThreadPoolExecutor.runWorker(ThreadPoolExecutor.java:1142)
	at java.util.concurrent.ThreadPoolExecutor$Worker.run(ThreadPoolExecutor.java:617)
	at java.lang.Thread.run(Thread.java:745)

20/09/2014 04:43:24.308] - [INFO] - writing response back for turn 7 for player 1
20/09/2014 04:43:24.309] - [INFO] - message sent: took 12,072,277
20/09/2014 04:43:24.417] - [INFO] - [id: 0xdbf59337, /127.0.0.1:64372 :> localhost/127.0.0.1:19999] DISCONNECTED
20/09/2014 04:43:24.418] - [INFO] - [id: 0xdbf59337, /127.0.0.1:64372 :> localhost/127.0.0.1:19999] UNBOUND
20/09/2014 04:43:24.419] - [INFO] - [id: 0xdbf59337, /127.0.0.1:64372 :> localhost/127.0.0.1:19999] CLOSED
20/09/2014 04:54:32.771] - [INFO] - Client starting
20/09/2014 04:54:32.875] - [INFO] - [id: 0xf7584629] OPEN
20/09/2014 04:54:32.886] - [INFO] - [id: 0xf7584629, /127.0.0.1:64392 => localhost/127.0.0.1:19999] BOUND: /127.0.0.1:64392
20/09/2014 04:54:32.887] - [INFO] - [id: 0xf7584629, /127.0.0.1:64392 => localhost/127.0.0.1:19999] CONNECTED: localhost/127.0.0.1:19999
20/09/2014 04:54:33.503] - [SEVERE] - Exception thrown in getMove on turn 1
java.lang.NullPointerException
	at PlayerAI.getMove(PlayerAI.java:38)
	at ClientHandler.messageReceived(ClientHandler.java:85)
	at org.jboss.netty.channel.SimpleChannelUpstreamHandler.handleUpstream(SimpleChannelUpstreamHandler.java:70)
	at ClientHandler.handleUpstream(ClientHandler.java:40)
	at org.jboss.netty.channel.DefaultChannelPipeline.sendUpstream(DefaultChannelPipeline.java:564)
	at org.jboss.netty.channel.DefaultChannelPipeline$DefaultChannelHandlerContext.sendUpstream(DefaultChannelPipeline.java:791)
	at org.jboss.netty.channel.Channels.fireMessageReceived(Channels.java:296)
	at org.jboss.netty.handler.codec.oneone.OneToOneDecoder.handleUpstream(OneToOneDecoder.java:70)
	at org.jboss.netty.channel.DefaultChannelPipeline.sendUpstream(DefaultChannelPipeline.java:564)
	at org.jboss.netty.channel.DefaultChannelPipeline$DefaultChannelHandlerContext.sendUpstream(DefaultChannelPipeline.java:791)
	at org.jboss.netty.channel.Channels.fireMessageReceived(Channels.java:296)
	at org.jboss.netty.handler.codec.frame.FrameDecoder.unfoldAndFireMessageReceived(FrameDecoder.java:462)
	at org.jboss.netty.handler.codec.frame.FrameDecoder.callDecode(FrameDecoder.java:443)
	at org.jboss.netty.handler.codec.frame.FrameDecoder.messageReceived(FrameDecoder.java:303)
	at org.jboss.netty.channel.SimpleChannelUpstreamHandler.handleUpstream(SimpleChannelUpstreamHandler.java:70)
	at org.jboss.netty.channel.DefaultChannelPipeline.sendUpstream(DefaultChannelPipeline.java:564)
	at org.jboss.netty.channel.DefaultChannelPipeline.sendUpstream(DefaultChannelPipeline.java:559)
	at org.jboss.netty.channel.Channels.fireMessageReceived(Channels.java:268)
	at org.jboss.netty.channel.Channels.fireMessageReceived(Channels.java:255)
	at org.jboss.netty.channel.socket.oio.OioWorker.process(OioWorker.java:71)
	at org.jboss.netty.channel.socket.oio.AbstractOioWorker.run(AbstractOioWorker.java:73)
	at org.jboss.netty.channel.socket.oio.OioWorker.run(OioWorker.java:51)
	at org.jboss.netty.util.ThreadRenamingRunnable.run(ThreadRenamingRunnable.java:108)
	at org.jboss.netty.util.internal.DeadLockProofWorker$1.run(DeadLockProofWorker.java:42)
	at java.util.concurrent.ThreadPoolExecutor.runWorker(ThreadPoolExecutor.java:1142)
	at java.util.concurrent.ThreadPoolExecutor$Worker.run(ThreadPoolExecutor.java:617)
	at java.lang.Thread.run(Thread.java:745)

20/09/2014 04:54:33.511] - [INFO] - writing response back for turn 1 for player 1
20/09/2014 04:54:33.516] - [INFO] - message sent: took 22,469,997
20/09/2014 04:54:33.631] - [SEVERE] - Exception thrown in getMove on turn 2
java.lang.NullPointerException
	at PlayerAI.getMove(PlayerAI.java:38)
	at ClientHandler.messageReceived(ClientHandler.java:85)
	at org.jboss.netty.channel.SimpleChannelUpstreamHandler.handleUpstream(SimpleChannelUpstreamHandler.java:70)
	at ClientHandler.handleUpstream(ClientHandler.java:40)
	at org.jboss.netty.channel.DefaultChannelPipeline.sendUpstream(DefaultChannelPipeline.java:564)
	at org.jboss.netty.channel.DefaultChannelPipeline$DefaultChannelHandlerContext.sendUpstream(DefaultChannelPipeline.java:791)
	at org.jboss.netty.channel.Channels.fireMessageReceived(Channels.java:296)
	at org.jboss.netty.handler.codec.oneone.OneToOneDecoder.handleUpstream(OneToOneDecoder.java:70)
	at org.jboss.netty.channel.DefaultChannelPipeline.sendUpstream(DefaultChannelPipeline.java:564)
	at org.jboss.netty.channel.DefaultChannelPipeline$DefaultChannelHandlerContext.sendUpstream(DefaultChannelPipeline.java:791)
	at org.jboss.netty.channel.Channels.fireMessageReceived(Channels.java:296)
	at org.jboss.netty.handler.codec.frame.FrameDecoder.unfoldAndFireMessageReceived(FrameDecoder.java:462)
	at org.jboss.netty.handler.codec.frame.FrameDecoder.callDecode(FrameDecoder.java:443)
	at org.jboss.netty.handler.codec.frame.FrameDecoder.messageReceived(FrameDecoder.java:303)
	at org.jboss.netty.channel.SimpleChannelUpstreamHandler.handleUpstream(SimpleChannelUpstreamHandler.java:70)
	at org.jboss.netty.channel.DefaultChannelPipeline.sendUpstream(DefaultChannelPipeline.java:564)
	at org.jboss.netty.channel.DefaultChannelPipeline.sendUpstream(DefaultChannelPipeline.java:559)
	at org.jboss.netty.channel.Channels.fireMessageReceived(Channels.java:268)
	at org.jboss.netty.channel.Channels.fireMessageReceived(Channels.java:255)
	at org.jboss.netty.channel.socket.oio.OioWorker.process(OioWorker.java:71)
	at org.jboss.netty.channel.socket.oio.AbstractOioWorker.run(AbstractOioWorker.java:73)
	at org.jboss.netty.channel.socket.oio.OioWorker.run(OioWorker.java:51)
	at org.jboss.netty.util.ThreadRenamingRunnable.run(ThreadRenamingRunnable.java:108)
	at org.jboss.netty.util.internal.DeadLockProofWorker$1.run(DeadLockProofWorker.java:42)
	at java.util.concurrent.ThreadPoolExecutor.runWorker(ThreadPoolExecutor.java:1142)
	at java.util.concurrent.ThreadPoolExecutor$Worker.run(ThreadPoolExecutor.java:617)
	at java.lang.Thread.run(Thread.java:745)

20/09/2014 04:54:33.639] - [INFO] - writing response back for turn 2 for player 1
20/09/2014 04:54:33.642] - [INFO] - message sent: took 11,467,714
20/09/2014 04:54:33.750] - [SEVERE] - Exception thrown in getMove on turn 3
java.lang.NullPointerException
	at PlayerAI.getMove(PlayerAI.java:38)
	at ClientHandler.messageReceived(ClientHandler.java:85)
	at org.jboss.netty.channel.SimpleChannelUpstreamHandler.handleUpstream(SimpleChannelUpstreamHandler.java:70)
	at ClientHandler.handleUpstream(ClientHandler.java:40)
	at org.jboss.netty.channel.DefaultChannelPipeline.sendUpstream(DefaultChannelPipeline.java:564)
	at org.jboss.netty.channel.DefaultChannelPipeline$DefaultChannelHandlerContext.sendUpstream(DefaultChannelPipeline.java:791)
	at org.jboss.netty.channel.Channels.fireMessageReceived(Channels.java:296)
	at org.jboss.netty.handler.codec.oneone.OneToOneDecoder.handleUpstream(OneToOneDecoder.java:70)
	at org.jboss.netty.channel.DefaultChannelPipeline.sendUpstream(DefaultChannelPipeline.java:564)
	at org.jboss.netty.channel.DefaultChannelPipeline$DefaultChannelHandlerContext.sendUpstream(DefaultChannelPipeline.java:791)
	at org.jboss.netty.channel.Channels.fireMessageReceived(Channels.java:296)
	at org.jboss.netty.handler.codec.frame.FrameDecoder.unfoldAndFireMessageReceived(FrameDecoder.java:462)
	at org.jboss.netty.handler.codec.frame.FrameDecoder.callDecode(FrameDecoder.java:443)
	at org.jboss.netty.handler.codec.frame.FrameDecoder.messageReceived(FrameDecoder.java:303)
	at org.jboss.netty.channel.SimpleChannelUpstreamHandler.handleUpstream(SimpleChannelUpstreamHandler.java:70)
	at org.jboss.netty.channel.DefaultChannelPipeline.sendUpstream(DefaultChannelPipeline.java:564)
	at org.jboss.netty.channel.DefaultChannelPipeline.sendUpstream(DefaultChannelPipeline.java:559)
	at org.jboss.netty.channel.Channels.fireMessageReceived(Channels.java:268)
	at org.jboss.netty.channel.Channels.fireMessageReceived(Channels.java:255)
	at org.jboss.netty.channel.socket.oio.OioWorker.process(OioWorker.java:71)
	at org.jboss.netty.channel.socket.oio.AbstractOioWorker.run(AbstractOioWorker.java:73)
	at org.jboss.netty.channel.socket.oio.OioWorker.run(OioWorker.java:51)
	at org.jboss.netty.util.ThreadRenamingRunnable.run(ThreadRenamingRunnable.java:108)
	at org.jboss.netty.util.internal.DeadLockProofWorker$1.run(DeadLockProofWorker.java:42)
	at java.util.concurrent.ThreadPoolExecutor.runWorker(ThreadPoolExecutor.java:1142)
	at java.util.concurrent.ThreadPoolExecutor$Worker.run(ThreadPoolExecutor.java:617)
	at java.lang.Thread.run(Thread.java:745)

20/09/2014 04:54:33.760] - [INFO] - writing response back for turn 3 for player 1
20/09/2014 04:54:33.761] - [INFO] - message sent: took 11,722,079
20/09/2014 04:54:33.867] - [SEVERE] - Exception thrown in getMove on turn 4
java.lang.NullPointerException
	at PlayerAI.getMove(PlayerAI.java:38)
	at ClientHandler.messageReceived(ClientHandler.java:85)
	at org.jboss.netty.channel.SimpleChannelUpstreamHandler.handleUpstream(SimpleChannelUpstreamHandler.java:70)
	at ClientHandler.handleUpstream(ClientHandler.java:40)
	at org.jboss.netty.channel.DefaultChannelPipeline.sendUpstream(DefaultChannelPipeline.java:564)
	at org.jboss.netty.channel.DefaultChannelPipeline$DefaultChannelHandlerContext.sendUpstream(DefaultChannelPipeline.java:791)
	at org.jboss.netty.channel.Channels.fireMessageReceived(Channels.java:296)
	at org.jboss.netty.handler.codec.oneone.OneToOneDecoder.handleUpstream(OneToOneDecoder.java:70)
	at org.jboss.netty.channel.DefaultChannelPipeline.sendUpstream(DefaultChannelPipeline.java:564)
	at org.jboss.netty.channel.DefaultChannelPipeline$DefaultChannelHandlerContext.sendUpstream(DefaultChannelPipeline.java:791)
	at org.jboss.netty.channel.Channels.fireMessageReceived(Channels.java:296)
	at org.jboss.netty.handler.codec.frame.FrameDecoder.unfoldAndFireMessageReceived(FrameDecoder.java:462)
	at org.jboss.netty.handler.codec.frame.FrameDecoder.callDecode(FrameDecoder.java:443)
	at org.jboss.netty.handler.codec.frame.FrameDecoder.messageReceived(FrameDecoder.java:303)
	at org.jboss.netty.channel.SimpleChannelUpstreamHandler.handleUpstream(SimpleChannelUpstreamHandler.java:70)
	at org.jboss.netty.channel.DefaultChannelPipeline.sendUpstream(DefaultChannelPipeline.java:564)
	at org.jboss.netty.channel.DefaultChannelPipeline.sendUpstream(DefaultChannelPipeline.java:559)
	at org.jboss.netty.channel.Channels.fireMessageReceived(Channels.java:268)
	at org.jboss.netty.channel.Channels.fireMessageReceived(Channels.java:255)
	at org.jboss.netty.channel.socket.oio.OioWorker.process(OioWorker.java:71)
	at org.jboss.netty.channel.socket.oio.AbstractOioWorker.run(AbstractOioWorker.java:73)
	at org.jboss.netty.channel.socket.oio.OioWorker.run(OioWorker.java:51)
	at org.jboss.netty.util.ThreadRenamingRunnable.run(ThreadRenamingRunnable.java:108)
	at org.jboss.netty.util.internal.DeadLockProofWorker$1.run(DeadLockProofWorker.java:42)
	at java.util.concurrent.ThreadPoolExecutor.runWorker(ThreadPoolExecutor.java:1142)
	at java.util.concurrent.ThreadPoolExecutor$Worker.run(ThreadPoolExecutor.java:617)
	at java.lang.Thread.run(Thread.java:745)

20/09/2014 04:54:33.874] - [INFO] - writing response back for turn 4 for player 1
20/09/2014 04:54:33.875] - [INFO] - message sent: took 9,121,775
20/09/2014 04:54:33.980] - [SEVERE] - Exception thrown in getMove on turn 5
java.lang.NullPointerException
	at PlayerAI.getMove(PlayerAI.java:38)
	at ClientHandler.messageReceived(ClientHandler.java:85)
	at org.jboss.netty.channel.SimpleChannelUpstreamHandler.handleUpstream(SimpleChannelUpstreamHandler.java:70)
	at ClientHandler.handleUpstream(ClientHandler.java:40)
	at org.jboss.netty.channel.DefaultChannelPipeline.sendUpstream(DefaultChannelPipeline.java:564)
	at org.jboss.netty.channel.DefaultChannelPipeline$DefaultChannelHandlerContext.sendUpstream(DefaultChannelPipeline.java:791)
	at org.jboss.netty.channel.Channels.fireMessageReceived(Channels.java:296)
	at org.jboss.netty.handler.codec.oneone.OneToOneDecoder.handleUpstream(OneToOneDecoder.java:70)
	at org.jboss.netty.channel.DefaultChannelPipeline.sendUpstream(DefaultChannelPipeline.java:564)
	at org.jboss.netty.channel.DefaultChannelPipeline$DefaultChannelHandlerContext.sendUpstream(DefaultChannelPipeline.java:791)
	at org.jboss.netty.channel.Channels.fireMessageReceived(Channels.java:296)
	at org.jboss.netty.handler.codec.frame.FrameDecoder.unfoldAndFireMessageReceived(FrameDecoder.java:462)
	at org.jboss.netty.handler.codec.frame.FrameDecoder.callDecode(FrameDecoder.java:443)
	at org.jboss.netty.handler.codec.frame.FrameDecoder.messageReceived(FrameDecoder.java:303)
	at org.jboss.netty.channel.SimpleChannelUpstreamHandler.handleUpstream(SimpleChannelUpstreamHandler.java:70)
	at org.jboss.netty.channel.DefaultChannelPipeline.sendUpstream(DefaultChannelPipeline.java:564)
	at org.jboss.netty.channel.DefaultChannelPipeline.sendUpstream(DefaultChannelPipeline.java:559)
	at org.jboss.netty.channel.Channels.fireMessageReceived(Channels.java:268)
	at org.jboss.netty.channel.Channels.fireMessageReceived(Channels.java:255)
	at org.jboss.netty.channel.socket.oio.OioWorker.process(OioWorker.java:71)
	at org.jboss.netty.channel.socket.oio.AbstractOioWorker.run(AbstractOioWorker.java:73)
	at org.jboss.netty.channel.socket.oio.OioWorker.run(OioWorker.java:51)
	at org.jboss.netty.util.ThreadRenamingRunnable.run(ThreadRenamingRunnable.java:108)
	at org.jboss.netty.util.internal.DeadLockProofWorker$1.run(DeadLockProofWorker.java:42)
	at java.util.concurrent.ThreadPoolExecutor.runWorker(ThreadPoolExecutor.java:1142)
	at java.util.concurrent.ThreadPoolExecutor$Worker.run(ThreadPoolExecutor.java:617)
	at java.lang.Thread.run(Thread.java:745)

20/09/2014 04:54:33.989] - [INFO] - writing response back for turn 5 for player 1
20/09/2014 04:54:33.990] - [INFO] - message sent: took 10,866,912
20/09/2014 04:54:34.097] - [SEVERE] - Exception thrown in getMove on turn 6
java.lang.NullPointerException
	at PlayerAI.getMove(PlayerAI.java:38)
	at ClientHandler.messageReceived(ClientHandler.java:85)
	at org.jboss.netty.channel.SimpleChannelUpstreamHandler.handleUpstream(SimpleChannelUpstreamHandler.java:70)
	at ClientHandler.handleUpstream(ClientHandler.java:40)
	at org.jboss.netty.channel.DefaultChannelPipeline.sendUpstream(DefaultChannelPipeline.java:564)
	at org.jboss.netty.channel.DefaultChannelPipeline$DefaultChannelHandlerContext.sendUpstream(DefaultChannelPipeline.java:791)
	at org.jboss.netty.channel.Channels.fireMessageReceived(Channels.java:296)
	at org.jboss.netty.handler.codec.oneone.OneToOneDecoder.handleUpstream(OneToOneDecoder.java:70)
	at org.jboss.netty.channel.DefaultChannelPipeline.sendUpstream(DefaultChannelPipeline.java:564)
	at org.jboss.netty.channel.DefaultChannelPipeline$DefaultChannelHandlerContext.sendUpstream(DefaultChannelPipeline.java:791)
	at org.jboss.netty.channel.Channels.fireMessageReceived(Channels.java:296)
	at org.jboss.netty.handler.codec.frame.FrameDecoder.unfoldAndFireMessageReceived(FrameDecoder.java:462)
	at org.jboss.netty.handler.codec.frame.FrameDecoder.callDecode(FrameDecoder.java:443)
	at org.jboss.netty.handler.codec.frame.FrameDecoder.messageReceived(FrameDecoder.java:303)
	at org.jboss.netty.channel.SimpleChannelUpstreamHandler.handleUpstream(SimpleChannelUpstreamHandler.java:70)
	at org.jboss.netty.channel.DefaultChannelPipeline.sendUpstream(DefaultChannelPipeline.java:564)
	at org.jboss.netty.channel.DefaultChannelPipeline.sendUpstream(DefaultChannelPipeline.java:559)
	at org.jboss.netty.channel.Channels.fireMessageReceived(Channels.java:268)
	at org.jboss.netty.channel.Channels.fireMessageReceived(Channels.java:255)
	at org.jboss.netty.channel.socket.oio.OioWorker.process(OioWorker.java:71)
	at org.jboss.netty.channel.socket.oio.AbstractOioWorker.run(AbstractOioWorker.java:73)
	at org.jboss.netty.channel.socket.oio.OioWorker.run(OioWorker.java:51)
	at org.jboss.netty.util.ThreadRenamingRunnable.run(ThreadRenamingRunnable.java:108)
	at org.jboss.netty.util.internal.DeadLockProofWorker$1.run(DeadLockProofWorker.java:42)
	at java.util.concurrent.ThreadPoolExecutor.runWorker(ThreadPoolExecutor.java:1142)
	at java.util.concurrent.ThreadPoolExecutor$Worker.run(ThreadPoolExecutor.java:617)
	at java.lang.Thread.run(Thread.java:745)

20/09/2014 04:54:34.106] - [INFO] - writing response back for turn 6 for player 1
20/09/2014 04:54:34.107] - [INFO] - message sent: took 11,450,062
20/09/2014 04:54:34.214] - [SEVERE] - Exception thrown in getMove on turn 7
java.lang.NullPointerException
	at PlayerAI.getMove(PlayerAI.java:38)
	at ClientHandler.messageReceived(ClientHandler.java:85)
	at org.jboss.netty.channel.SimpleChannelUpstreamHandler.handleUpstream(SimpleChannelUpstreamHandler.java:70)
	at ClientHandler.handleUpstream(ClientHandler.java:40)
	at org.jboss.netty.channel.DefaultChannelPipeline.sendUpstream(DefaultChannelPipeline.java:564)
	at org.jboss.netty.channel.DefaultChannelPipeline$DefaultChannelHandlerContext.sendUpstream(DefaultChannelPipeline.java:791)
	at org.jboss.netty.channel.Channels.fireMessageReceived(Channels.java:296)
	at org.jboss.netty.handler.codec.oneone.OneToOneDecoder.handleUpstream(OneToOneDecoder.java:70)
	at org.jboss.netty.channel.DefaultChannelPipeline.sendUpstream(DefaultChannelPipeline.java:564)
	at org.jboss.netty.channel.DefaultChannelPipeline$DefaultChannelHandlerContext.sendUpstream(DefaultChannelPipeline.java:791)
	at org.jboss.netty.channel.Channels.fireMessageReceived(Channels.java:296)
	at org.jboss.netty.handler.codec.frame.FrameDecoder.unfoldAndFireMessageReceived(FrameDecoder.java:462)
	at org.jboss.netty.handler.codec.frame.FrameDecoder.callDecode(FrameDecoder.java:443)
	at org.jboss.netty.handler.codec.frame.FrameDecoder.messageReceived(FrameDecoder.java:303)
	at org.jboss.netty.channel.SimpleChannelUpstreamHandler.handleUpstream(SimpleChannelUpstreamHandler.java:70)
	at org.jboss.netty.channel.DefaultChannelPipeline.sendUpstream(DefaultChannelPipeline.java:564)
	at org.jboss.netty.channel.DefaultChannelPipeline.sendUpstream(DefaultChannelPipeline.java:559)
	at org.jboss.netty.channel.Channels.fireMessageReceived(Channels.java:268)
	at org.jboss.netty.channel.Channels.fireMessageReceived(Channels.java:255)
	at org.jboss.netty.channel.socket.oio.OioWorker.process(OioWorker.java:71)
	at org.jboss.netty.channel.socket.oio.AbstractOioWorker.run(AbstractOioWorker.java:73)
	at org.jboss.netty.channel.socket.oio.OioWorker.run(OioWorker.java:51)
	at org.jboss.netty.util.ThreadRenamingRunnable.run(ThreadRenamingRunnable.java:108)
	at org.jboss.netty.util.internal.DeadLockProofWorker$1.run(DeadLockProofWorker.java:42)
	at java.util.concurrent.ThreadPoolExecutor.runWorker(ThreadPoolExecutor.java:1142)
	at java.util.concurrent.ThreadPoolExecutor$Worker.run(ThreadPoolExecutor.java:617)
	at java.lang.Thread.run(Thread.java:745)

20/09/2014 04:54:34.221] - [INFO] - writing response back for turn 7 for player 1
20/09/2014 04:54:34.223] - [INFO] - message sent: took 8,961,268
20/09/2014 04:54:34.330] - [INFO] - [id: 0xf7584629, /127.0.0.1:64392 :> localhost/127.0.0.1:19999] DISCONNECTED
20/09/2014 04:54:34.331] - [INFO] - [id: 0xf7584629, /127.0.0.1:64392 :> localhost/127.0.0.1:19999] UNBOUND
20/09/2014 04:54:34.332] - [INFO] - [id: 0xf7584629, /127.0.0.1:64392 :> localhost/127.0.0.1:19999] CLOSED
20/09/2014 05:06:08.348] - [INFO] - Client starting
20/09/2014 05:06:08.470] - [INFO] - [id: 0xfae87540] OPEN
20/09/2014 05:06:08.484] - [INFO] - [id: 0xfae87540] CLOSED
20/09/2014 05:06:08.525] - [SEVERE] - Unexpected exception from upstream. java.nio.channels.ClosedChannelException

20/09/2014 05:06:48.156] - [INFO] - Client starting
20/09/2014 05:06:48.297] - [INFO] - [id: 0xf4e8a05e] OPEN
20/09/2014 05:06:48.308] - [INFO] - [id: 0xf4e8a05e, /127.0.0.1:64535 => localhost/127.0.0.1:19999] BOUND: /127.0.0.1:64535
20/09/2014 05:06:48.310] - [INFO] - [id: 0xf4e8a05e, /127.0.0.1:64535 => localhost/127.0.0.1:19999] CONNECTED: localhost/127.0.0.1:19999
